{"C:\\Users\\ahmad\\OneDrive\\Desktop\\gymAPI\\gymlog-api\\src\\prisma.js": {"path":"C:\\Users\\ahmad\\OneDrive\\Desktop\\gymAPI\\gymlog-api\\src\\prisma.js","statementMap":{"0":{"start":{"line":1,"column":25},"end":{"line":1,"column":50}},"1":{"start":{"line":3,"column":15},"end":{"line":5,"column":2}},"2":{"start":{"line":7,"column":0},"end":{"line":9,"column":72}},"3":{"start":{"line":8,"column":14},"end":{"line":8,"column":60}},"4":{"start":{"line":9,"column":16},"end":{"line":9,"column":71}},"5":{"start":{"line":11,"column":0},"end":{"line":11,"column":null}}},"fnMap":{"0":{"name":"(anonymous_0)","decl":{"start":{"line":8,"column":8},"end":{"line":8,"column":9}},"loc":{"start":{"line":8,"column":14},"end":{"line":8,"column":60}},"line":8},"1":{"name":"(anonymous_1)","decl":{"start":{"line":9,"column":9},"end":{"line":9,"column":10}},"loc":{"start":{"line":9,"column":16},"end":{"line":9,"column":71}},"line":9}},"branchMap":{},"s":{"0":1,"1":1,"2":1,"3":1,"4":0,"5":1},"f":{"0":1,"1":0},"b":{},"meta":{"lastBranch":0,"lastFunction":2,"lastStatement":6,"seen":{"s:1:25:1:50":0,"s:3:15:5:2":1,"s:7:0:9:72":2,"f:8:8:8:9":0,"s:8:14:8:60":3,"f:9:9:9:10":1,"s:9:16:9:71":4,"s:11:0:11:Infinity":5}}}
,"C:\\Users\\ahmad\\OneDrive\\Desktop\\gymAPI\\gymlog-api\\src\\controllers\\authController.js": {"path":"C:\\Users\\ahmad\\OneDrive\\Desktop\\gymAPI\\gymlog-api\\src\\controllers\\authController.js","statementMap":{"0":{"start":{"line":1,"column":15},"end":{"line":1,"column":null}},"1":{"start":{"line":2,"column":12},"end":{"line":2,"column":null}},"2":{"start":{"line":3,"column":15},"end":{"line":3,"column":null}},"3":{"start":{"line":5,"column":17},"end":{"line":19,"column":null}},"4":{"start":{"line":6,"column":2},"end":{"line":18,"column":null}},"5":{"start":{"line":7,"column":38},"end":{"line":7,"column":null}},"6":{"start":{"line":8,"column":4},"end":{"line":8,"column":null}},"7":{"start":{"line":8,"column":38},"end":{"line":8,"column":null}},"8":{"start":{"line":9,"column":4},"end":{"line":9,"column":null}},"9":{"start":{"line":9,"column":29},"end":{"line":9,"column":null}},"10":{"start":{"line":10,"column":4},"end":{"line":10,"column":null}},"11":{"start":{"line":10,"column":30},"end":{"line":10,"column":null}},"12":{"start":{"line":11,"column":21},"end":{"line":11,"column":null}},"13":{"start":{"line":12,"column":4},"end":{"line":12,"column":null}},"14":{"start":{"line":12,"column":18},"end":{"line":12,"column":null}},"15":{"start":{"line":13,"column":27},"end":{"line":13,"column":null}},"16":{"start":{"line":14,"column":17},"end":{"line":14,"column":null}},"17":{"start":{"line":15,"column":4},"end":{"line":15,"column":null}},"18":{"start":{"line":17,"column":4},"end":{"line":17,"column":null}},"19":{"start":{"line":21,"column":14},"end":{"line":34,"column":null}},"20":{"start":{"line":22,"column":2},"end":{"line":33,"column":null}},"21":{"start":{"line":23,"column":32},"end":{"line":23,"column":null}},"22":{"start":{"line":24,"column":4},"end":{"line":24,"column":null}},"23":{"start":{"line":24,"column":29},"end":{"line":24,"column":null}},"24":{"start":{"line":25,"column":17},"end":{"line":25,"column":null}},"25":{"start":{"line":26,"column":4},"end":{"line":26,"column":null}},"26":{"start":{"line":26,"column":15},"end":{"line":26,"column":null}},"27":{"start":{"line":27,"column":18},"end":{"line":27,"column":null}},"28":{"start":{"line":28,"column":4},"end":{"line":28,"column":null}},"29":{"start":{"line":28,"column":16},"end":{"line":28,"column":null}},"30":{"start":{"line":29,"column":18},"end":{"line":29,"column":null}},"31":{"start":{"line":30,"column":4},"end":{"line":30,"column":null}},"32":{"start":{"line":32,"column":4},"end":{"line":32,"column":null}},"33":{"start":{"line":36,"column":0},"end":{"line":36,"column":null}}},"fnMap":{"0":{"name":"(anonymous_0)","decl":{"start":{"line":5,"column":17},"end":{"line":5,"column":22}},"loc":{"start":{"line":5,"column":37},"end":{"line":19,"column":null}},"line":5},"1":{"name":"(anonymous_1)","decl":{"start":{"line":21,"column":14},"end":{"line":21,"column":19}},"loc":{"start":{"line":21,"column":34},"end":{"line":34,"column":null}},"line":21}},"branchMap":{"0":{"loc":{"start":{"line":8,"column":4},"end":{"line":8,"column":null}},"type":"if","locations":[{"start":{"line":8,"column":4},"end":{"line":8,"column":null}},{"start":{},"end":{}}],"line":8},"1":{"loc":{"start":{"line":8,"column":8},"end":{"line":8,"column":36}},"type":"binary-expr","locations":[{"start":{"line":8,"column":8},"end":{"line":8,"column":13}},{"start":{"line":8,"column":17},"end":{"line":8,"column":23}},{"start":{"line":8,"column":27},"end":{"line":8,"column":36}}],"line":8},"2":{"loc":{"start":{"line":9,"column":4},"end":{"line":9,"column":null}},"type":"if","locations":[{"start":{"line":9,"column":4},"end":{"line":9,"column":null}},{"start":{},"end":{}}],"line":9},"3":{"loc":{"start":{"line":10,"column":4},"end":{"line":10,"column":null}},"type":"if","locations":[{"start":{"line":10,"column":4},"end":{"line":10,"column":null}},{"start":{},"end":{}}],"line":10},"4":{"loc":{"start":{"line":12,"column":4},"end":{"line":12,"column":null}},"type":"if","locations":[{"start":{"line":12,"column":4},"end":{"line":12,"column":null}},{"start":{},"end":{}}],"line":12},"5":{"loc":{"start":{"line":24,"column":4},"end":{"line":24,"column":null}},"type":"if","locations":[{"start":{"line":24,"column":4},"end":{"line":24,"column":null}},{"start":{},"end":{}}],"line":24},"6":{"loc":{"start":{"line":24,"column":8},"end":{"line":24,"column":27}},"type":"binary-expr","locations":[{"start":{"line":24,"column":8},"end":{"line":24,"column":14}},{"start":{"line":24,"column":18},"end":{"line":24,"column":27}}],"line":24},"7":{"loc":{"start":{"line":26,"column":4},"end":{"line":26,"column":null}},"type":"if","locations":[{"start":{"line":26,"column":4},"end":{"line":26,"column":null}},{"start":{},"end":{}}],"line":26},"8":{"loc":{"start":{"line":28,"column":4},"end":{"line":28,"column":null}},"type":"if","locations":[{"start":{"line":28,"column":4},"end":{"line":28,"column":null}},{"start":{},"end":{}}],"line":28}},"s":{"0":1,"1":1,"2":1,"3":1,"4":2,"5":2,"6":2,"7":1,"8":1,"9":0,"10":1,"11":0,"12":1,"13":1,"14":0,"15":1,"16":1,"17":1,"18":0,"19":2,"20":2,"21":2,"22":2,"23":0,"24":2,"25":0,"26":0,"27":2,"28":1,"29":1,"30":1,"31":1,"32":0,"33":1},"f":{"0":2,"1":2},"b":{"0":[1,1],"1":[2,1,1],"2":[0,1],"3":[0,1],"4":[0,1],"5":[0,2],"6":[2,0],"7":[0,0],"8":[1,0]},"meta":{"lastBranch":9,"lastFunction":2,"lastStatement":34,"seen":{"s:1:15:1:Infinity":0,"s:2:12:2:Infinity":1,"s:3:15:3:Infinity":2,"s:5:17:19:Infinity":3,"f:5:17:5:22":0,"s:6:2:18:Infinity":4,"s:7:38:7:Infinity":5,"b:8:4:8:Infinity:undefined:undefined:undefined:undefined":0,"s:8:4:8:Infinity":6,"b:8:8:8:13:8:17:8:23:8:27:8:36":1,"s:8:38:8:Infinity":7,"b:9:4:9:Infinity:undefined:undefined:undefined:undefined":2,"s:9:4:9:Infinity":8,"s:9:29:9:Infinity":9,"b:10:4:10:Infinity:undefined:undefined:undefined:undefined":3,"s:10:4:10:Infinity":10,"s:10:30:10:Infinity":11,"s:11:21:11:Infinity":12,"b:12:4:12:Infinity:undefined:undefined:undefined:undefined":4,"s:12:4:12:Infinity":13,"s:12:18:12:Infinity":14,"s:13:27:13:Infinity":15,"s:14:17:14:Infinity":16,"s:15:4:15:Infinity":17,"s:17:4:17:Infinity":18,"s:21:14:34:Infinity":19,"f:21:14:21:19":1,"s:22:2:33:Infinity":20,"s:23:32:23:Infinity":21,"b:24:4:24:Infinity:undefined:undefined:undefined:undefined":5,"s:24:4:24:Infinity":22,"b:24:8:24:14:24:18:24:27":6,"s:24:29:24:Infinity":23,"s:25:17:25:Infinity":24,"b:26:4:26:Infinity:undefined:undefined:undefined:undefined":7,"s:26:4:26:Infinity":25,"s:26:15:26:Infinity":26,"s:27:18:27:Infinity":27,"b:28:4:28:Infinity:undefined:undefined:undefined:undefined":8,"s:28:4:28:Infinity":28,"s:28:16:28:Infinity":29,"s:29:18:29:Infinity":30,"s:30:4:30:Infinity":31,"s:32:4:32:Infinity":32,"s:36:0:36:Infinity":33}}}
,"C:\\Users\\ahmad\\OneDrive\\Desktop\\gymAPI\\gymlog-api\\src\\controllers\\exerciseController.js": {"path":"C:\\Users\\ahmad\\OneDrive\\Desktop\\gymAPI\\gymlog-api\\src\\controllers\\exerciseController.js","statementMap":{"0":{"start":{"line":1,"column":15},"end":{"line":1,"column":null}},"1":{"start":{"line":3,"column":24},"end":{"line":11,"column":null}},"2":{"start":{"line":4,"column":2},"end":{"line":10,"column":null}},"3":{"start":{"line":5,"column":22},"end":{"line":5,"column":null}},"4":{"start":{"line":6,"column":4},"end":{"line":6,"column":null}},"5":{"start":{"line":8,"column":4},"end":{"line":8,"column":null}},"6":{"start":{"line":9,"column":4},"end":{"line":9,"column":null}},"7":{"start":{"line":13,"column":24},"end":{"line":22,"column":null}},"8":{"start":{"line":14,"column":2},"end":{"line":21,"column":null}},"9":{"start":{"line":15,"column":21},"end":{"line":15,"column":null}},"10":{"start":{"line":16,"column":4},"end":{"line":16,"column":null}},"11":{"start":{"line":16,"column":19},"end":{"line":16,"column":null}},"12":{"start":{"line":17,"column":4},"end":{"line":17,"column":null}},"13":{"start":{"line":19,"column":4},"end":{"line":19,"column":null}},"14":{"start":{"line":20,"column":4},"end":{"line":20,"column":null}},"15":{"start":{"line":24,"column":23},"end":{"line":33,"column":null}},"16":{"start":{"line":25,"column":2},"end":{"line":32,"column":null}},"17":{"start":{"line":26,"column":34},"end":{"line":26,"column":null}},"18":{"start":{"line":27,"column":21},"end":{"line":27,"column":null}},"19":{"start":{"line":28,"column":4},"end":{"line":28,"column":null}},"20":{"start":{"line":30,"column":4},"end":{"line":30,"column":null}},"21":{"start":{"line":31,"column":4},"end":{"line":31,"column":null}},"22":{"start":{"line":35,"column":23},"end":{"line":44,"column":null}},"23":{"start":{"line":36,"column":2},"end":{"line":43,"column":null}},"24":{"start":{"line":37,"column":34},"end":{"line":37,"column":null}},"25":{"start":{"line":38,"column":21},"end":{"line":38,"column":null}},"26":{"start":{"line":39,"column":4},"end":{"line":39,"column":null}},"27":{"start":{"line":41,"column":4},"end":{"line":41,"column":null}},"28":{"start":{"line":42,"column":4},"end":{"line":42,"column":null}},"29":{"start":{"line":46,"column":23},"end":{"line":54,"column":null}},"30":{"start":{"line":47,"column":2},"end":{"line":53,"column":null}},"31":{"start":{"line":48,"column":4},"end":{"line":48,"column":null}},"32":{"start":{"line":49,"column":4},"end":{"line":49,"column":null}},"33":{"start":{"line":51,"column":4},"end":{"line":51,"column":null}},"34":{"start":{"line":52,"column":4},"end":{"line":52,"column":null}},"35":{"start":{"line":56,"column":0},"end":{"line":56,"column":null}}},"fnMap":{"0":{"name":"(anonymous_0)","decl":{"start":{"line":3,"column":24},"end":{"line":3,"column":29}},"loc":{"start":{"line":3,"column":44},"end":{"line":11,"column":null}},"line":3},"1":{"name":"(anonymous_1)","decl":{"start":{"line":13,"column":24},"end":{"line":13,"column":29}},"loc":{"start":{"line":13,"column":44},"end":{"line":22,"column":null}},"line":13},"2":{"name":"(anonymous_2)","decl":{"start":{"line":24,"column":23},"end":{"line":24,"column":28}},"loc":{"start":{"line":24,"column":43},"end":{"line":33,"column":null}},"line":24},"3":{"name":"(anonymous_3)","decl":{"start":{"line":35,"column":23},"end":{"line":35,"column":28}},"loc":{"start":{"line":35,"column":43},"end":{"line":44,"column":null}},"line":35},"4":{"name":"(anonymous_4)","decl":{"start":{"line":46,"column":23},"end":{"line":46,"column":28}},"loc":{"start":{"line":46,"column":43},"end":{"line":54,"column":null}},"line":46}},"branchMap":{"0":{"loc":{"start":{"line":16,"column":4},"end":{"line":16,"column":null}},"type":"if","locations":[{"start":{"line":16,"column":4},"end":{"line":16,"column":null}},{"start":{},"end":{}}],"line":16}},"s":{"0":1,"1":1,"2":1,"3":1,"4":1,"5":0,"6":0,"7":1,"8":2,"9":2,"10":2,"11":1,"12":1,"13":0,"14":0,"15":1,"16":1,"17":1,"18":1,"19":1,"20":0,"21":0,"22":1,"23":0,"24":0,"25":0,"26":0,"27":0,"28":0,"29":1,"30":0,"31":0,"32":0,"33":0,"34":0,"35":1},"f":{"0":1,"1":2,"2":1,"3":0,"4":0},"b":{"0":[1,1]},"meta":{"lastBranch":1,"lastFunction":5,"lastStatement":36,"seen":{"s:1:15:1:Infinity":0,"s:3:24:11:Infinity":1,"f:3:24:3:29":0,"s:4:2:10:Infinity":2,"s:5:22:5:Infinity":3,"s:6:4:6:Infinity":4,"s:8:4:8:Infinity":5,"s:9:4:9:Infinity":6,"s:13:24:22:Infinity":7,"f:13:24:13:29":1,"s:14:2:21:Infinity":8,"s:15:21:15:Infinity":9,"b:16:4:16:Infinity:undefined:undefined:undefined:undefined":0,"s:16:4:16:Infinity":10,"s:16:19:16:Infinity":11,"s:17:4:17:Infinity":12,"s:19:4:19:Infinity":13,"s:20:4:20:Infinity":14,"s:24:23:33:Infinity":15,"f:24:23:24:28":2,"s:25:2:32:Infinity":16,"s:26:34:26:Infinity":17,"s:27:21:27:Infinity":18,"s:28:4:28:Infinity":19,"s:30:4:30:Infinity":20,"s:31:4:31:Infinity":21,"s:35:23:44:Infinity":22,"f:35:23:35:28":3,"s:36:2:43:Infinity":23,"s:37:34:37:Infinity":24,"s:38:21:38:Infinity":25,"s:39:4:39:Infinity":26,"s:41:4:41:Infinity":27,"s:42:4:42:Infinity":28,"s:46:23:54:Infinity":29,"f:46:23:46:28":4,"s:47:2:53:Infinity":30,"s:48:4:48:Infinity":31,"s:49:4:49:Infinity":32,"s:51:4:51:Infinity":33,"s:52:4:52:Infinity":34,"s:56:0:56:Infinity":35}}}
,"C:\\Users\\ahmad\\OneDrive\\Desktop\\gymAPI\\gymlog-api\\src\\controllers\\workoutController.js": {"path":"C:\\Users\\ahmad\\OneDrive\\Desktop\\gymAPI\\gymlog-api\\src\\controllers\\workoutController.js","statementMap":{"0":{"start":{"line":1,"column":15},"end":{"line":1,"column":null}},"1":{"start":{"line":3,"column":23},"end":{"line":13,"column":null}},"2":{"start":{"line":4,"column":2},"end":{"line":12,"column":null}},"3":{"start":{"line":5,"column":21},"end":{"line":8,"column":null}},"4":{"start":{"line":9,"column":4},"end":{"line":9,"column":null}},"5":{"start":{"line":11,"column":4},"end":{"line":11,"column":null}},"6":{"start":{"line":15,"column":23},"end":{"line":26,"column":null}},"7":{"start":{"line":16,"column":2},"end":{"line":25,"column":null}},"8":{"start":{"line":17,"column":20},"end":{"line":20,"column":null}},"9":{"start":{"line":21,"column":4},"end":{"line":21,"column":null}},"10":{"start":{"line":21,"column":18},"end":{"line":21,"column":null}},"11":{"start":{"line":22,"column":4},"end":{"line":22,"column":null}},"12":{"start":{"line":24,"column":4},"end":{"line":24,"column":null}},"13":{"start":{"line":28,"column":22},"end":{"line":37,"column":null}},"14":{"start":{"line":29,"column":2},"end":{"line":36,"column":null}},"15":{"start":{"line":30,"column":29},"end":{"line":30,"column":null}},"16":{"start":{"line":31,"column":4},"end":{"line":31,"column":null}},"17":{"start":{"line":31,"column":16},"end":{"line":31,"column":null}},"18":{"start":{"line":32,"column":20},"end":{"line":32,"column":null}},"19":{"start":{"line":33,"column":4},"end":{"line":33,"column":null}},"20":{"start":{"line":35,"column":4},"end":{"line":35,"column":null}},"21":{"start":{"line":39,"column":22},"end":{"line":49,"column":null}},"22":{"start":{"line":40,"column":2},"end":{"line":48,"column":null}},"23":{"start":{"line":41,"column":20},"end":{"line":41,"column":null}},"24":{"start":{"line":42,"column":4},"end":{"line":42,"column":null}},"25":{"start":{"line":42,"column":18},"end":{"line":42,"column":null}},"26":{"start":{"line":43,"column":4},"end":{"line":43,"column":null}},"27":{"start":{"line":44,"column":4},"end":{"line":44,"column":null}},"28":{"start":{"line":45,"column":4},"end":{"line":45,"column":null}},"29":{"start":{"line":47,"column":4},"end":{"line":47,"column":null}},"30":{"start":{"line":51,"column":29},"end":{"line":65,"column":null}},"31":{"start":{"line":52,"column":2},"end":{"line":64,"column":null}},"32":{"start":{"line":53,"column":47},"end":{"line":53,"column":null}},"33":{"start":{"line":54,"column":4},"end":{"line":54,"column":null}},"34":{"start":{"line":54,"column":50},"end":{"line":54,"column":null}},"35":{"start":{"line":55,"column":20},"end":{"line":55,"column":null}},"36":{"start":{"line":56,"column":4},"end":{"line":56,"column":null}},"37":{"start":{"line":56,"column":18},"end":{"line":56,"column":null}},"38":{"start":{"line":57,"column":28},"end":{"line":60,"column":null}},"39":{"start":{"line":61,"column":4},"end":{"line":61,"column":null}},"40":{"start":{"line":63,"column":4},"end":{"line":63,"column":null}},"41":{"start":{"line":67,"column":30},"end":{"line":79,"column":null}},"42":{"start":{"line":68,"column":2},"end":{"line":78,"column":null}},"43":{"start":{"line":69,"column":35},"end":{"line":69,"column":null}},"44":{"start":{"line":70,"column":28},"end":{"line":74,"column":null}},"45":{"start":{"line":75,"column":4},"end":{"line":75,"column":null}},"46":{"start":{"line":77,"column":4},"end":{"line":77,"column":null}},"47":{"start":{"line":81,"column":34},"end":{"line":88,"column":null}},"48":{"start":{"line":82,"column":2},"end":{"line":87,"column":null}},"49":{"start":{"line":83,"column":4},"end":{"line":83,"column":null}},"50":{"start":{"line":84,"column":4},"end":{"line":84,"column":null}},"51":{"start":{"line":86,"column":4},"end":{"line":86,"column":null}},"52":{"start":{"line":90,"column":0},"end":{"line":90,"column":153}}},"fnMap":{"0":{"name":"(anonymous_0)","decl":{"start":{"line":3,"column":23},"end":{"line":3,"column":28}},"loc":{"start":{"line":3,"column":43},"end":{"line":13,"column":null}},"line":3},"1":{"name":"(anonymous_1)","decl":{"start":{"line":15,"column":23},"end":{"line":15,"column":28}},"loc":{"start":{"line":15,"column":43},"end":{"line":26,"column":null}},"line":15},"2":{"name":"(anonymous_2)","decl":{"start":{"line":28,"column":22},"end":{"line":28,"column":27}},"loc":{"start":{"line":28,"column":42},"end":{"line":37,"column":null}},"line":28},"3":{"name":"(anonymous_3)","decl":{"start":{"line":39,"column":22},"end":{"line":39,"column":27}},"loc":{"start":{"line":39,"column":42},"end":{"line":49,"column":null}},"line":39},"4":{"name":"(anonymous_4)","decl":{"start":{"line":51,"column":29},"end":{"line":51,"column":34}},"loc":{"start":{"line":51,"column":49},"end":{"line":65,"column":null}},"line":51},"5":{"name":"(anonymous_5)","decl":{"start":{"line":67,"column":30},"end":{"line":67,"column":35}},"loc":{"start":{"line":67,"column":50},"end":{"line":79,"column":null}},"line":67},"6":{"name":"(anonymous_6)","decl":{"start":{"line":81,"column":34},"end":{"line":81,"column":39}},"loc":{"start":{"line":81,"column":54},"end":{"line":88,"column":null}},"line":81}},"branchMap":{"0":{"loc":{"start":{"line":21,"column":4},"end":{"line":21,"column":null}},"type":"if","locations":[{"start":{"line":21,"column":4},"end":{"line":21,"column":null}},{"start":{},"end":{}}],"line":21},"1":{"loc":{"start":{"line":31,"column":4},"end":{"line":31,"column":null}},"type":"if","locations":[{"start":{"line":31,"column":4},"end":{"line":31,"column":null}},{"start":{},"end":{}}],"line":31},"2":{"loc":{"start":{"line":42,"column":4},"end":{"line":42,"column":null}},"type":"if","locations":[{"start":{"line":42,"column":4},"end":{"line":42,"column":null}},{"start":{},"end":{}}],"line":42},"3":{"loc":{"start":{"line":54,"column":4},"end":{"line":54,"column":null}},"type":"if","locations":[{"start":{"line":54,"column":4},"end":{"line":54,"column":null}},{"start":{},"end":{}}],"line":54},"4":{"loc":{"start":{"line":54,"column":8},"end":{"line":54,"column":48}},"type":"binary-expr","locations":[{"start":{"line":54,"column":8},"end":{"line":54,"column":19}},{"start":{"line":54,"column":23},"end":{"line":54,"column":28}},{"start":{"line":54,"column":32},"end":{"line":54,"column":37}},{"start":{"line":54,"column":41},"end":{"line":54,"column":48}}],"line":54},"5":{"loc":{"start":{"line":56,"column":4},"end":{"line":56,"column":null}},"type":"if","locations":[{"start":{"line":56,"column":4},"end":{"line":56,"column":null}},{"start":{},"end":{}}],"line":56}},"s":{"0":1,"1":1,"2":1,"3":1,"4":1,"5":0,"6":1,"7":1,"8":1,"9":1,"10":0,"11":1,"12":0,"13":1,"14":2,"15":2,"16":2,"17":1,"18":1,"19":1,"20":0,"21":1,"22":1,"23":1,"24":1,"25":0,"26":1,"27":1,"28":1,"29":0,"30":1,"31":1,"32":1,"33":1,"34":0,"35":1,"36":0,"37":0,"38":1,"39":1,"40":0,"41":1,"42":0,"43":0,"44":0,"45":0,"46":0,"47":1,"48":0,"49":0,"50":0,"51":0,"52":1},"f":{"0":1,"1":1,"2":2,"3":1,"4":1,"5":0,"6":0},"b":{"0":[0,1],"1":[1,1],"2":[0,1],"3":[0,1],"4":[1,1,1,0],"5":[0,0]},"meta":{"lastBranch":6,"lastFunction":7,"lastStatement":53,"seen":{"s:1:15:1:Infinity":0,"s:3:23:13:Infinity":1,"f:3:23:3:28":0,"s:4:2:12:Infinity":2,"s:5:21:8:Infinity":3,"s:9:4:9:Infinity":4,"s:11:4:11:Infinity":5,"s:15:23:26:Infinity":6,"f:15:23:15:28":1,"s:16:2:25:Infinity":7,"s:17:20:20:Infinity":8,"b:21:4:21:Infinity:undefined:undefined:undefined:undefined":0,"s:21:4:21:Infinity":9,"s:21:18:21:Infinity":10,"s:22:4:22:Infinity":11,"s:24:4:24:Infinity":12,"s:28:22:37:Infinity":13,"f:28:22:28:27":2,"s:29:2:36:Infinity":14,"s:30:29:30:Infinity":15,"b:31:4:31:Infinity:undefined:undefined:undefined:undefined":1,"s:31:4:31:Infinity":16,"s:31:16:31:Infinity":17,"s:32:20:32:Infinity":18,"s:33:4:33:Infinity":19,"s:35:4:35:Infinity":20,"s:39:22:49:Infinity":21,"f:39:22:39:27":3,"s:40:2:48:Infinity":22,"s:41:20:41:Infinity":23,"b:42:4:42:Infinity:undefined:undefined:undefined:undefined":2,"s:42:4:42:Infinity":24,"s:42:18:42:Infinity":25,"s:43:4:43:Infinity":26,"s:44:4:44:Infinity":27,"s:45:4:45:Infinity":28,"s:47:4:47:Infinity":29,"s:51:29:65:Infinity":30,"f:51:29:51:34":4,"s:52:2:64:Infinity":31,"s:53:47:53:Infinity":32,"b:54:4:54:Infinity:undefined:undefined:undefined:undefined":3,"s:54:4:54:Infinity":33,"b:54:8:54:19:54:23:54:28:54:32:54:37:54:41:54:48":4,"s:54:50:54:Infinity":34,"s:55:20:55:Infinity":35,"b:56:4:56:Infinity:undefined:undefined:undefined:undefined":5,"s:56:4:56:Infinity":36,"s:56:18:56:Infinity":37,"s:57:28:60:Infinity":38,"s:61:4:61:Infinity":39,"s:63:4:63:Infinity":40,"s:67:30:79:Infinity":41,"f:67:30:67:35":5,"s:68:2:78:Infinity":42,"s:69:35:69:Infinity":43,"s:70:28:74:Infinity":44,"s:75:4:75:Infinity":45,"s:77:4:77:Infinity":46,"s:81:34:88:Infinity":47,"f:81:34:81:39":6,"s:82:2:87:Infinity":48,"s:83:4:83:Infinity":49,"s:84:4:84:Infinity":50,"s:86:4:86:Infinity":51,"s:90:0:90:153":52}}}
,"C:\\Users\\ahmad\\OneDrive\\Desktop\\gymAPI\\gymlog-api\\src\\middleware\\auth.js": {"path":"C:\\Users\\ahmad\\OneDrive\\Desktop\\gymAPI\\gymlog-api\\src\\middleware\\auth.js","statementMap":{"0":{"start":{"line":1,"column":12},"end":{"line":1,"column":null}},"1":{"start":{"line":3,"column":13},"end":{"line":14,"column":null}},"2":{"start":{"line":4,"column":21},"end":{"line":4,"column":null}},"3":{"start":{"line":5,"column":16},"end":{"line":5,"column":null}},"4":{"start":{"line":6,"column":2},"end":{"line":6,"column":null}},"5":{"start":{"line":6,"column":14},"end":{"line":6,"column":null}},"6":{"start":{"line":7,"column":2},"end":{"line":13,"column":null}},"7":{"start":{"line":8,"column":20},"end":{"line":8,"column":null}},"8":{"start":{"line":9,"column":4},"end":{"line":9,"column":null}},"9":{"start":{"line":10,"column":4},"end":{"line":10,"column":null}},"10":{"start":{"line":12,"column":4},"end":{"line":12,"column":null}},"11":{"start":{"line":16,"column":0},"end":{"line":16,"column":21}}},"fnMap":{"0":{"name":"(anonymous_0)","decl":{"start":{"line":3,"column":13},"end":{"line":3,"column":14}},"loc":{"start":{"line":3,"column":33},"end":{"line":14,"column":null}},"line":3}},"branchMap":{"0":{"loc":{"start":{"line":5,"column":16},"end":{"line":5,"column":null}},"type":"binary-expr","locations":[{"start":{"line":5,"column":16},"end":{"line":5,"column":26}},{"start":{"line":5,"column":30},"end":{"line":5,"column":null}}],"line":5},"1":{"loc":{"start":{"line":6,"column":2},"end":{"line":6,"column":null}},"type":"if","locations":[{"start":{"line":6,"column":2},"end":{"line":6,"column":null}},{"start":{},"end":{}}],"line":6}},"s":{"0":1,"1":1,"2":11,"3":11,"4":11,"5":1,"6":10,"7":10,"8":10,"9":10,"10":0,"11":1},"f":{"0":11},"b":{"0":[11,10],"1":[1,10]},"meta":{"lastBranch":2,"lastFunction":1,"lastStatement":12,"seen":{"s:1:12:1:Infinity":0,"s:3:13:14:Infinity":1,"f:3:13:3:14":0,"s:4:21:4:Infinity":2,"s:5:16:5:Infinity":3,"b:5:16:5:26:5:30:5:Infinity":0,"b:6:2:6:Infinity:undefined:undefined:undefined:undefined":1,"s:6:2:6:Infinity":4,"s:6:14:6:Infinity":5,"s:7:2:13:Infinity":6,"s:8:20:8:Infinity":7,"s:9:4:9:Infinity":8,"s:10:4:10:Infinity":9,"s:12:4:12:Infinity":10,"s:16:0:16:21":11}}}
,"C:\\Users\\ahmad\\OneDrive\\Desktop\\gymAPI\\gymlog-api\\src\\routes\\auth.js": {"path":"C:\\Users\\ahmad\\OneDrive\\Desktop\\gymAPI\\gymlog-api\\src\\routes\\auth.js","statementMap":{"0":{"start":{"line":1,"column":16},"end":{"line":1,"column":null}},"1":{"start":{"line":2,"column":15},"end":{"line":2,"column":null}},"2":{"start":{"line":3,"column":28},"end":{"line":3,"column":null}},"3":{"start":{"line":5,"column":0},"end":{"line":5,"column":null}},"4":{"start":{"line":6,"column":0},"end":{"line":6,"column":null}},"5":{"start":{"line":8,"column":0},"end":{"line":8,"column":23}}},"fnMap":{},"branchMap":{},"s":{"0":1,"1":1,"2":1,"3":1,"4":1,"5":1},"f":{},"b":{},"meta":{"lastBranch":0,"lastFunction":0,"lastStatement":6,"seen":{"s:1:16:1:Infinity":0,"s:2:15:2:Infinity":1,"s:3:28:3:Infinity":2,"s:5:0:5:Infinity":3,"s:6:0:6:Infinity":4,"s:8:0:8:23":5}}}
,"C:\\Users\\ahmad\\OneDrive\\Desktop\\gymAPI\\gymlog-api\\src\\routes\\exercises.js": {"path":"C:\\Users\\ahmad\\OneDrive\\Desktop\\gymAPI\\gymlog-api\\src\\routes\\exercises.js","statementMap":{"0":{"start":{"line":1,"column":16},"end":{"line":1,"column":34}},"1":{"start":{"line":2,"column":15},"end":{"line":2,"column":31}},"2":{"start":{"line":3,"column":13},"end":{"line":3,"column":42}},"3":{"start":{"line":10,"column":4},"end":{"line":10,"column":48}},"4":{"start":{"line":12,"column":0},"end":{"line":12,"column":38}},"5":{"start":{"line":13,"column":0},"end":{"line":13,"column":41}},"6":{"start":{"line":14,"column":0},"end":{"line":14,"column":38}},"7":{"start":{"line":15,"column":0},"end":{"line":15,"column":40}},"8":{"start":{"line":16,"column":0},"end":{"line":16,"column":43}},"9":{"start":{"line":18,"column":0},"end":{"line":18,"column":null}}},"fnMap":{},"branchMap":{},"s":{"0":1,"1":1,"2":1,"3":1,"4":1,"5":1,"6":1,"7":1,"8":1,"9":1},"f":{},"b":{},"meta":{"lastBranch":0,"lastFunction":0,"lastStatement":10,"seen":{"s:1:16:1:34":0,"s:2:15:2:31":1,"s:3:13:3:42":2,"s:10:4:10:48":3,"s:12:0:12:38":4,"s:13:0:13:41":5,"s:14:0:14:38":6,"s:15:0:15:40":7,"s:16:0:16:43":8,"s:18:0:18:Infinity":9}}}
,"C:\\Users\\ahmad\\OneDrive\\Desktop\\gymAPI\\gymlog-api\\src\\routes\\workouts.js": {"path":"C:\\Users\\ahmad\\OneDrive\\Desktop\\gymAPI\\gymlog-api\\src\\routes\\workouts.js","statementMap":{"0":{"start":{"line":1,"column":16},"end":{"line":1,"column":34}},"1":{"start":{"line":2,"column":15},"end":{"line":2,"column":31}},"2":{"start":{"line":3,"column":13},"end":{"line":3,"column":42}},"3":{"start":{"line":12,"column":4},"end":{"line":12,"column":47}},"4":{"start":{"line":14,"column":0},"end":{"line":14,"column":37}},"5":{"start":{"line":15,"column":0},"end":{"line":15,"column":40}},"6":{"start":{"line":16,"column":0},"end":{"line":16,"column":37}},"7":{"start":{"line":17,"column":0},"end":{"line":17,"column":42}},"8":{"start":{"line":18,"column":0},"end":{"line":18,"column":57}},"9":{"start":{"line":19,"column":0},"end":{"line":19,"column":69}},"10":{"start":{"line":20,"column":0},"end":{"line":20,"column":76}},"11":{"start":{"line":22,"column":0},"end":{"line":22,"column":null}}},"fnMap":{},"branchMap":{},"s":{"0":1,"1":1,"2":1,"3":1,"4":1,"5":1,"6":1,"7":1,"8":1,"9":1,"10":1,"11":1},"f":{},"b":{},"meta":{"lastBranch":0,"lastFunction":0,"lastStatement":12,"seen":{"s:1:16:1:34":0,"s:2:15:2:31":1,"s:3:13:3:42":2,"s:12:4:12:47":3,"s:14:0:14:37":4,"s:15:0:15:40":5,"s:16:0:16:37":6,"s:17:0:17:42":7,"s:18:0:18:57":8,"s:19:0:19:69":9,"s:20:0:20:76":10,"s:22:0:22:Infinity":11}}}
}
